<?xml version="1.0" encoding="UTF-8"?>
<testng-results ignored="0" total="4" passed="4" failed="0" skipped="0">
  <reporter-output>
  </reporter-output>
  <suite started-at="2023-02-18T12:06:24 IST" name="Default suite" finished-at="2023-02-18T12:06:44 IST" duration-ms="19490">
    <groups>
    </groups>
    <test started-at="2023-02-18T12:06:24 IST" name="Default test" finished-at="2023-02-18T12:06:44 IST" duration-ms="19490">
      <class name="Excutes.AddEmployeeExcute">
        <test-method is-config="true" signature="sampletest()[pri:0, instance:Excutes.AddEmployeeExcute@14555e0a]" started-at="2023-02-18T12:04:55 IST" name="sampletest" finished-at="2023-02-18T12:06:24 IST" duration-ms="89295" status="PASS">
          <reporter-output>
          </reporter-output>
        </test-method> <!-- sampletest -->
        <test-method signature="addEmployee(java.lang.String,java.lang.String,java.lang.String)[pri:0, instance:Excutes.AddEmployeeExcute@14555e0a]" started-at="2023-02-18T12:06:29 IST" name="addEmployee" data-provider="employeeData" finished-at="2023-02-18T12:06:34 IST" duration-ms="5112" status="PASS">
          <params>
            <param index="0">
              <value>
                <![CDATA[Red]]>
              </value>
            </param>
            <param index="1">
              <value>
                <![CDATA[Yellow]]>
              </value>
            </param>
            <param index="2">
              <value>
                <![CDATA[Green]]>
              </value>
            </param>
          </params>
          <reporter-output>
          </reporter-output>
        </test-method> <!-- addEmployee -->
        <test-method signature="addEmployee(java.lang.String,java.lang.String,java.lang.String)[pri:0, instance:Excutes.AddEmployeeExcute@14555e0a]" started-at="2023-02-18T12:06:35 IST" name="addEmployee" data-provider="employeeData" finished-at="2023-02-18T12:06:38 IST" duration-ms="3166" status="PASS">
          <params>
            <param index="0">
              <value>
                <![CDATA[Pavan]]>
              </value>
            </param>
            <param index="1">
              <value>
                <![CDATA[Nandu]]>
              </value>
            </param>
            <param index="2">
              <value>
                <![CDATA[sandeep]]>
              </value>
            </param>
          </params>
          <reporter-output>
          </reporter-output>
        </test-method> <!-- addEmployee -->
        <test-method signature="addEmployee(java.lang.String,java.lang.String,java.lang.String)[pri:0, instance:Excutes.AddEmployeeExcute@14555e0a]" started-at="2023-02-18T12:06:38 IST" name="addEmployee" data-provider="employeeData" finished-at="2023-02-18T12:06:41 IST" duration-ms="3740" status="PASS">
          <params>
            <param index="0">
              <value>
                <![CDATA[Kerala]]>
              </value>
            </param>
            <param index="1">
              <value>
                <![CDATA[son]]>
              </value>
            </param>
            <param index="2">
              <value>
                <![CDATA[din]]>
              </value>
            </param>
          </params>
          <reporter-output>
          </reporter-output>
        </test-method> <!-- addEmployee -->
        <test-method signature="addEmployee(java.lang.String,java.lang.String,java.lang.String)[pri:0, instance:Excutes.AddEmployeeExcute@14555e0a]" started-at="2023-02-18T12:06:41 IST" name="addEmployee" data-provider="employeeData" finished-at="2023-02-18T12:06:44 IST" duration-ms="2474" status="PASS">
          <params>
            <param index="0">
              <value>
                <![CDATA[sandh]]>
              </value>
            </param>
            <param index="1">
              <value>
                <![CDATA[devababu]]>
              </value>
            </param>
            <param index="2">
              <value>
                <![CDATA[raju]]>
              </value>
            </param>
          </params>
          <reporter-output>
          </reporter-output>
        </test-method> <!-- addEmployee -->
      </class> <!-- Excutes.AddEmployeeExcute -->
    </test> <!-- Default test -->
  </suite> <!-- Default suite -->
</testng-results>
