<?xml version="1.0" encoding="UTF-8"?>
<testng-results ignored="0" total="2" passed="2" failed="0" skipped="0">
  <reporter-output>
  </reporter-output>
  <suite started-at="2022-07-15T12:22:41 IST" name="Default suite" finished-at="2022-07-15T12:22:41 IST" duration-ms="101">
    <groups>
    </groups>
    <test started-at="2022-07-15T12:22:41 IST" name="Default test" finished-at="2022-07-15T12:22:41 IST" duration-ms="101">
      <class name="junit.testingJunit">
        <test-method signature="testNavigation()[pri:0, instance:junit.testingJunit@865dd6]" started-at="2022-07-15T12:22:41 IST" name="testNavigation" finished-at="2022-07-15T12:22:41 IST" duration-ms="14" status="PASS">
          <reporter-output>
          </reporter-output>
        </test-method> <!-- testNavigation -->
        <test-method signature="testlogin()[pri:0, instance:junit.testingJunit@865dd6]" started-at="2022-07-15T12:22:41 IST" name="testlogin" finished-at="2022-07-15T12:22:41 IST" duration-ms="7" status="PASS">
          <reporter-output>
          </reporter-output>
        </test-method> <!-- testlogin -->
      </class> <!-- junit.testingJunit -->
    </test> <!-- Default test -->
  </suite> <!-- Default suite -->
</testng-results>
