<?xml version="1.0" encoding="UTF-8"?>
<testng-results ignored="0" total="1" passed="1" failed="0" skipped="0">
  <reporter-output>
  </reporter-output>
  <suite started-at="2022-11-08T17:07:06 IST" name="Default suite" finished-at="2022-11-08T17:07:06 IST" duration-ms="34">
    <groups>
    </groups>
    <test started-at="2022-11-08T17:07:06 IST" name="Default test" finished-at="2022-11-08T17:07:06 IST" duration-ms="34">
      <class name="TestNG">
        <test-method is-config="true" signature="test1()[pri:0, instance:TestNG@66498326]" started-at="2022-11-08T17:07:06 IST" name="test1" finished-at="2022-11-08T17:07:06 IST" duration-ms="5" status="PASS">
          <reporter-output>
          </reporter-output>
        </test-method> <!-- test1 -->
        <test-method is-config="true" signature="test2()[pri:0, instance:TestNG@66498326]" started-at="2022-11-08T17:07:06 IST" name="test2" finished-at="2022-11-08T17:07:06 IST" duration-ms="1" status="PASS">
          <reporter-output>
          </reporter-output>
        </test-method> <!-- test2 -->
        <test-method is-config="true" signature="test3()[pri:0, instance:TestNG@66498326]" started-at="2022-11-08T17:07:06 IST" name="test3" finished-at="2022-11-08T17:07:06 IST" duration-ms="0" status="PASS">
          <reporter-output>
          </reporter-output>
        </test-method> <!-- test3 -->
        <test-method is-config="true" signature="test4()[pri:0, instance:TestNG@66498326]" started-at="2022-11-08T17:07:06 IST" name="test4" finished-at="2022-11-08T17:07:06 IST" duration-ms="0" status="PASS">
          <reporter-output>
          </reporter-output>
        </test-method> <!-- test4 -->
        <test-method signature="test5()[pri:0, instance:TestNG@66498326]" started-at="2022-11-08T17:07:06 IST" name="test5" finished-at="2022-11-08T17:07:06 IST" duration-ms="3" status="PASS">
          <reporter-output>
          </reporter-output>
        </test-method> <!-- test5 -->
      </class> <!-- TestNG -->
    </test> <!-- Default test -->
  </suite> <!-- Default suite -->
</testng-results>
