<?xml version="1.0" encoding="UTF-8"?>
<!-- Generated by org.testng.reporters.JUnitXMLReporter -->
<testsuite ignored="0" hostname="DESKTOP-7I5KSV2" failures="0" tests="4" name="Default test" time="19.49" errors="0" timestamp="2023-02-18T12:06:45 IST">
  <testcase classname="Excutes.AddEmployeeExcute" name="addEmployee" time="5.112"/>
  <testcase classname="Excutes.AddEmployeeExcute" name="addEmployee" time="3.166"/>
  <testcase classname="Excutes.AddEmployeeExcute" name="addEmployee" time="3.74"/>
  <testcase classname="Excutes.AddEmployeeExcute" name="addEmployee" time="2.474"/>
</testsuite> <!-- Default test -->
