<?xml version="1.0" encoding="UTF-8"?>
<testng-results ignored="0" total="1" passed="1" failed="0" skipped="0">
  <reporter-output>
  </reporter-output>
  <suite started-at="2023-01-09T18:14:00 IST" name="Default suite" finished-at="2023-01-09T18:14:33 IST" duration-ms="32486">
    <groups>
    </groups>
    <test started-at="2023-01-09T18:14:00 IST" name="Default test" finished-at="2023-01-09T18:14:33 IST" duration-ms="32486">
      <class name="PageObjectModel.LoginTestOrange">
        <test-method signature="login()[pri:0, instance:PageObjectModel.LoginTestOrange@6a6afff2]" started-at="2023-01-09T18:14:00 IST" name="login" finished-at="2023-01-09T18:14:33 IST" duration-ms="32397" status="PASS">
          <reporter-output>
          </reporter-output>
        </test-method> <!-- login -->
      </class> <!-- PageObjectModel.LoginTestOrange -->
    </test> <!-- Default test -->
  </suite> <!-- Default suite -->
</testng-results>
