<?xml version="1.0" encoding="UTF-8"?>
<testng-results ignored="0" total="1" passed="1" failed="0" skipped="0">
  <reporter-output>
  </reporter-output>
  <suite started-at="2022-11-04T17:37:18 IST" name="Default suite" finished-at="2022-11-04T17:37:18 IST" duration-ms="52">
    <groups>
    </groups>
    <test started-at="2022-11-04T17:37:18 IST" name="Default test" finished-at="2022-11-04T17:37:18 IST" duration-ms="52">
      <class name="Ex">
        <test-method is-config="true" signature="a()[pri:0, instance:Ex@4e7912d8]" started-at="2022-11-04T17:37:18 IST" name="a" finished-at="2022-11-04T17:37:18 IST" duration-ms="6" status="PASS">
          <reporter-output>
          </reporter-output>
        </test-method> <!-- a -->
        <test-method signature="b()[pri:0, instance:Ex@4e7912d8]" started-at="2022-11-04T17:37:18 IST" name="b" finished-at="2022-11-04T17:37:18 IST" duration-ms="4" status="PASS">
          <reporter-output>
          </reporter-output>
        </test-method> <!-- b -->
        <test-method is-config="true" signature="c()[pri:0, instance:Ex@4e7912d8]" started-at="2022-11-04T17:37:18 IST" name="c" finished-at="2022-11-04T17:37:18 IST" duration-ms="0" status="PASS">
          <reporter-output>
          </reporter-output>
        </test-method> <!-- c -->
      </class> <!-- Ex -->
    </test> <!-- Default test -->
  </suite> <!-- Default suite -->
</testng-results>
