<?xml version="1.0" encoding="UTF-8"?>
<testng-results ignored="0" total="1" passed="1" failed="0" skipped="0">
  <reporter-output>
  </reporter-output>
  <suite started-at="2023-01-02T18:44:32 IST" name="Default suite" finished-at="2023-01-02T18:44:32 IST" duration-ms="103">
    <groups>
    </groups>
    <test started-at="2023-01-02T18:44:32 IST" name="Default test" finished-at="2023-01-02T18:44:32 IST" duration-ms="103">
      <class name="TestNG.SampleTestNG">
        <test-method is-config="true" signature="loginFun()[pri:0, instance:TestNG.SampleTestNG@31e5415e]" started-at="2023-01-02T18:43:47 IST" name="loginFun" finished-at="2023-01-02T18:44:32 IST" duration-ms="45020" status="PASS">
          <reporter-output>
          </reporter-output>
        </test-method> <!-- loginFun -->
        <test-method signature="addEmployee()[pri:0, instance:TestNG.SampleTestNG@31e5415e]" started-at="2023-01-02T18:44:32 IST" name="addEmployee" finished-at="2023-01-02T18:44:32 IST" duration-ms="9" status="PASS">
          <reporter-output>
          </reporter-output>
        </test-method> <!-- addEmployee -->
      </class> <!-- TestNG.SampleTestNG -->
    </test> <!-- Default test -->
  </suite> <!-- Default suite -->
</testng-results>
